<?xml version="1.0" encoding="UTF-8"?>
<!-- Generated by org.testng.reporters.JUnitReportReporter -->
<testsuite hostname="LAPTOP-B7BBN453" failures="0" tests="4" name="api.test.UserTests" time="22.267" errors="0" timestamp="2023-04-03T18:32:05 IST" skipped="0">
  <testcase classname="api.test.UserTests" name="postUserTest" time="16.143"/>
  <system-out/>
  <testcase classname="api.test.UserTests" name="getUserByNameTest" time="1.589"/>
  <system-out/>
  <testcase classname="api.test.UserTests" name="updateUserByNameTest" time="3.045"/>
  <system-out/>
  <testcase classname="api.test.UserTests" name="deletetUserByNameTest" time="1.490"/>
  <system-out/>
</testsuite> <!-- api.test.UserTests -->
